Unity Editor version:    2020.3.24f1 (79c78de19888)
Branch:                  2020.3/staging
Build type:              Release
Batch mode:              YES
macOS version:           Version 11.6.3 (Build 20G415)
Darwin version:          20.6.0
Architecture:            x86_64
Running under Rosetta:   NO
Available memory:        16384 MB
Using pre-set license
Pro License: NO

COMMAND LINE ARGUMENTS:
/Users/keoni/Desktop/Unity/2020.3.24f1/Unity.app/Contents/MacOS/Unity
-adb2
-batchMode
-noUpm
-name
AssetImportWorker0
-projectPath
/Users/keoni/UnityProjects/CSC312SuperMario
-logFile
Logs/AssetImportWorker0.log
-srvPort
51381
Successfully changed project path to: /Users/keoni/UnityProjects/CSC312SuperMario
/Users/keoni/UnityProjects/CSC312SuperMario
Using Asset Import Pipeline V2.
Refreshing native plugins compatible for Editor in 63.77 ms, found 3 plugins.
Preloading 0 native plugins for Editor in 0.00 ms.
Initialize engine version: 2020.3.24f1 (79c78de19888)
[Subsystems] Discovering subsystems at path /Users/keoni/Desktop/Unity/2020.3.24f1/Unity.app/Contents/Resources/UnitySubsystems
[Subsystems] Discovering subsystems at path /Users/keoni/UnityProjects/CSC312SuperMario/Assets
GfxDevice: creating device client; threaded=0
2022-03-14 13:22:04.691 Unity[1873:148711] Color LCD preferred device: Intel(R) UHD Graphics 630 (low power)
2022-03-14 13:22:04.691 Unity[1873:148711] Metal devices available: 2
2022-03-14 13:22:04.691 Unity[1873:148711] 0: AMD Radeon Pro 5300M (high power)
2022-03-14 13:22:04.691 Unity[1873:148711] 1: Intel(R) UHD Graphics 630 (low power)
2022-03-14 13:22:04.691 Unity[1873:148711] Using device AMD Radeon Pro 5300M (high power)
Initializing Metal device caps: AMD Radeon Pro 5300M
Initialize mono
Mono path[0] = '/Users/keoni/Desktop/Unity/2020.3.24f1/Unity.app/Contents/Managed'
Mono path[1] = '/Users/keoni/Desktop/Unity/2020.3.24f1/Unity.app/Contents/MonoBleedingEdge/lib/mono/unityjit'
Mono config path = '/Users/keoni/Desktop/Unity/2020.3.24f1/Unity.app/Contents/MonoBleedingEdge/etc'
Using monoOptions --debugger-agent=transport=dt_socket,embedding=1,server=y,suspend=n,address=127.0.0.1:56873
Begin MonoManager ReloadAssembly
Registering precompiled unity dll's ...
Register platform support module: /Users/keoni/Desktop/Unity/2020.3.24f1/Unity.app/Contents/PlaybackEngines/MacStandaloneSupport/UnityEditor.OSXStandalone.Extensions.dll
Registered in 0.000618 seconds.
Native extension for OSXStandalone target not found
Refreshing native plugins compatible for Editor in 45.96 ms, found 3 plugins.
Preloading 0 native plugins for Editor in 0.00 ms.
Mono: successfully reloaded assembly
- Completed reload, in  0.790 seconds
Domain Reload Profiling:
	ReloadAssembly (790ms)
		BeginReloadAssembly (55ms)
			ExecutionOrderSort (0ms)
			DisableScriptedObjects (0ms)
			BackupInstance (0ms)
			ReleaseScriptingObjects (0ms)
			CreateAndSetChildDomain (1ms)
		EndReloadAssembly (631ms)
			LoadAssemblies (53ms)
			RebuildTransferFunctionScriptingTraits (0ms)
			SetupTypeCache (256ms)
			ReleaseScriptCaches (0ms)
			RebuildScriptCaches (46ms)
			SetupLoadedEditorAssemblies (217ms)
				LogAssemblyErrors (0ms)
				InitializePlatformSupportModulesInManaged (5ms)
				SetLoadedEditorAssemblies (0ms)
				RefreshPlugins (46ms)
				BeforeProcessingInitializeOnLoad (14ms)
				ProcessInitializeOnLoadAttributes (119ms)
				ProcessInitializeOnLoadMethodAttributes (34ms)
				AfterProcessingInitializeOnLoad (0ms)
				EditorAssembliesLoaded (0ms)
			ExecutionOrderSort2 (0ms)
			AwakeInstancesAfterBackupRestoration (0ms)
Platform modules already initialized, skipping
Registering precompiled user dll's ...
Registered in 0.003012 seconds.
Begin MonoManager ReloadAssembly
Native extension for OSXStandalone target not found
Refreshing native plugins compatible for Editor in 38.86 ms, found 3 plugins.
Preloading 0 native plugins for Editor in 0.00 ms.
Mono: successfully reloaded assembly
- Completed reload, in  1.341 seconds
Domain Reload Profiling:
	ReloadAssembly (1342ms)
		BeginReloadAssembly (182ms)
			ExecutionOrderSort (0ms)
			DisableScriptedObjects (7ms)
			BackupInstance (0ms)
			ReleaseScriptingObjects (0ms)
			CreateAndSetChildDomain (31ms)
		EndReloadAssembly (1089ms)
			LoadAssemblies (80ms)
			RebuildTransferFunctionScriptingTraits (0ms)
			SetupTypeCache (425ms)
			ReleaseScriptCaches (0ms)
			RebuildScriptCaches (65ms)
			SetupLoadedEditorAssemblies (372ms)
				LogAssemblyErrors (0ms)
				InitializePlatformSupportModulesInManaged (3ms)
				SetLoadedEditorAssemblies (0ms)
				RefreshPlugins (39ms)
				BeforeProcessingInitializeOnLoad (73ms)
				ProcessInitializeOnLoadAttributes (239ms)
				ProcessInitializeOnLoadMethodAttributes (17ms)
				AfterProcessingInitializeOnLoad (1ms)
				EditorAssembliesLoaded (0ms)
			ExecutionOrderSort2 (0ms)
			AwakeInstancesAfterBackupRestoration (7ms)
Platform modules already initialized, skipping
Validating Project structure ... 0.000180 seconds.
Shader import version has changed; will reimport all shaders...
Upgrading shader files ...0.000190 seconds.
Application.AssetDatabase Initial Script Refresh Start
RefreshInfo: InitialScriptRefreshV2(NoUpdateAssetOptions) scanfilter:  ... 1 filters
RefreshProfiler: Total: 0.000ms
Application.AssetDatabase Initial Script Refresh End
Application.AssetDatabase.Refresh Start
Application.AssetDatabase.Refresh End
RefreshInfo: StopAssetImportingV2(ForceSynchronousImport) scanfilter: 
RefreshProfiler: Total: 0.000ms
Launching external process: /Users/keoni/Desktop/Unity/2020.3.24f1/Unity.app/Contents/Tools/UnityShaderCompiler
Launched and connected shader compiler UnityShaderCompiler after 0.02 seconds
Initializing Unity extensions:
========================================================================
Worker process is ready to serve import requests
Refreshing native plugins compatible for Editor in 0.51 ms, found 3 plugins.
Preloading 0 native plugins for Editor in 0.00 ms.
Unloading 2196 Unused Serialized files (Serialized files now loaded: 0)
System memory in use before: 194.7 MB.
System memory in use after: 194.0 MB.

Unloading 102 unused Assets to reduce memory usage. Loaded Objects now: 2668.
Total: 4.951800 ms (FindLiveObjects: 0.336395 ms CreateObjectMapping: 0.139469 ms MarkObjects: 3.834080 ms  DeleteObjects: 0.640565 ms)

AssetImportParameters requested are different than current active one (requested -> active):
  custom:video-decoder-ogg-theora: a1e56fd34408186e4bbccfd4996cb3dc -> 
  custom:container-muxer-webm: aa71ff27fc2769a1b78a27578f13a17b -> 
  custom:container-demuxer-webm: 4f35f7cbe854078d1ac9338744f61a02 -> 
  custom:container-demuxer-ogg: 62fdf1f143b41e24485cea50d1cbac27 -> 
  custom:video-encoder-webm-vp8: eb34c28f22e8b96e1ab97ce403110664 -> 
  custom:framework-osx-AVFoundation: e770b220cccbd017edd2c1fefb359320 -> 
  custom:video-decoder-webm-vp8: 9c59270c3fd7afecdb556c50c9e8de78 -> 
  custom:audio-decoder-ogg-vorbis: bf7c407c2cedff20999df2af8eb42d56 -> 
  custom:audio-encoder-webm-vorbis: bf7c407c2cedff20999df2af8eb42d56 -> 
========================================================================
Received Import Request.
  path: Assets/Player_Move.cs
  artifactKey: Guid(3d6908e9603c543e8ba8efd5b69d016a) Importer(815301076,1909f56bfc062723c751e8b465ee728b)
Start importing Assets/Player_Move.cs using Guid(3d6908e9603c543e8ba8efd5b69d016a) Importer(815301076,1909f56bfc062723c751e8b465ee728b)  -> (artifact id: '4d6412e32b61608d023043a959b308f6') in 0.408679 seconds 
  Import took 0.417808 seconds .

========================================================================
Received Import Request.
  Time since last request: 231.889099 seconds.
  path: Assets/Prototype_1.unity
  artifactKey: Guid(80ff0a4c08abd406cac57fa578105a4c) Importer(815301076,1909f56bfc062723c751e8b465ee728b)
Start importing Assets/Prototype_1.unity using Guid(80ff0a4c08abd406cac57fa578105a4c) Importer(815301076,1909f56bfc062723c751e8b465ee728b)  -> (artifact id: '43825ec1147e04a0ae0570786a187547') in 0.011907 seconds 
  Import took 0.016919 seconds .

AssetImportWorkerClient::OnTransportError - code=2 error=End of file
